"C:\Program Files\JetBrains\CLion 2019.3.3\bin\cmake\win\bin\cmake.exe" -DCMAKE_BUILD_TYPE=Debug -G "CodeBlocks - MinGW Makefiles" "C:\Users\toby0\Downloads\410821316_鄧祺文_Algorithm_Class_Assignment_Chapter_Two\Question 1 Maximum Subarray"
-- The C compiler identification is GNU 8.1.0
-- The CXX compiler identification is GNU 8.1.0
-- Check for working C compiler: C:/mingw-w64/mingw64/bin/gcc.exe
-- Check for working C compiler: C:/mingw-w64/mingw64/bin/gcc.exe - broken
CMake Error at C:/Program Files/JetBrains/CLion 2019.3.3/bin/cmake/win/share/cmake-3.17/Modules/CMakeTestCCompiler.cmake:60 (message):
  The C compiler

    "C:/mingw-w64/mingw64/bin/gcc.exe"

  is not able to compile a simple test program.

  It fails with the following output:

    Change Dir: C:/Users/toby0/Downloads/410821316_�蟡箸�Algorithm_Class_Assignment_Chapter_Two/Question 1 Maximum Subarray/cmake-build-debug/CMakeFiles/CMakeTmp
    
    Run Build Command(s):C:/mingw-w64/mingw64/bin/mingw32-make.exe cmTC_7906b/fast && C:/mingw-w64/mingw64/bin/mingw32-make.exe  -f CMakeFiles\cmTC_7906b.dir\build.make CMakeFiles/cmTC_7906b.dir/build
    mingw32-make.exe[1]: Entering directory 'C:/Users/toby0/Downloads/410821316_�蟡箸�Algorithm_Class_Assignment_Chapter_Two/Question 1 Maximum Subarray/cmake-build-debug/CMakeFiles/CMakeTmp'
    Building C object CMakeFiles/cmTC_7906b.dir/testCCompiler.c.obj
    C:\mingw-w64\mingw64\bin\gcc.exe    -o CMakeFiles\cmTC_7906b.dir\testCCompiler.c.obj   -c "C:\Users\toby0\Downloads\410821316_?��?��lgorithm_Class_Assignment_Chapter_Two\Question 1 Maximum Subarray\cmake-build-debug\CMakeFiles\CMakeTmp\testCCompiler.c"
    gcc.exe: error: C:\Users\toby0\Downloads\410821316_?��?��lgorithm_Class_Assignment_Chapter_Two\Question 1 Maximum Subarray\cmake-build-debug\CMakeFiles\CMakeTmp\testCCompiler.c: Invalid argument
    gcc.exe: fatal error: no input files
    compilation terminated.
    mingw32-make.exe[1]: *** [CMakeFiles\cmTC_7906b.dir\build.make:85: CMakeFiles/cmTC_7906b.dir/testCCompiler.c.obj] Error 1
    mingw32-make.exe[1]: Leaving directory 'C:/Users/toby0/Downloads/410821316_�蟡箸�Algorithm_Class_Assignment_Chapter_Two/Question 1 Maximum Subarray/cmake-build-debug/CMakeFiles/CMakeTmp'
    mingw32-make.exe: *** [Makefile:140: cmTC_7906b/fast] Error 2
    
    

  

  CMake will not be able to correctly generate this project.
Call Stack (most recent call first):
  CMakeLists.txt:2 (project)


-- Configuring incomplete, errors occurred!
See also "C:/Users/toby0/Downloads/410821316_�蟡箸�Algorithm_Class_Assignment_Chapter_Two/Question 1 Maximum Subarray/cmake-build-debug/CMakeFiles/CMakeOutput.log".
See also "C:/Users/toby0/Downloads/410821316_�蟡箸�Algorithm_Class_Assignment_Chapter_Two/Question 1 Maximum Subarray/cmake-build-debug/CMakeFiles/CMakeError.log".
